2024-03-12 23:48:10,867 - INFO - MI-FAQ - User pp131 hat sich eingeloggt.
2024-03-12 23:48:24,655 - INFO - MI-FAQ - User pp131  hat Kategorie Unsichtbar123345 geändert.
2024-03-12 23:48:26,627 - INFO - MI-FAQ - User pp131  hat Kategorie Unsichtbar123345 geändert.
2024-03-12 23:48:45,400 - INFO - MI-FAQ - User pp131 hat Frage Wie laufen Prüfungen ab? geändert.
2024-03-13 00:29:39,797 - INFO - MI-FAQ - User pp131 hat Frage Wie funktioniert ein Auslandssemester? geändert.
2024-03-28 07:32:56,257 - INFO - MI-FAQ - User pp131 hat eine neue Frage hinzugefügt.
2024-03-28 07:33:28,837 - INFO - MI-FAQ - User pp131 hat eine neue Frage hinzugefügt.
2024-03-28 07:35:49,644 - INFO - MI-FAQ - User pp131 hat Frage Neue Frage geändert.
2024-03-28 10:15:39,473 - INFO - MI-FAQ - User  hat eine neue Frage hinzugefügt.
2024-03-28 10:40:41,693 - INFO - MI-FAQ - User  hat Frage Neue Frage gelöscht.
2024-03-28 11:13:17,723 - INFO - MI-FAQ - User  hat eine neue Kategorie angelegt.
2024-03-28 11:16:05,700 - INFO - MI-FAQ - User   hat Kategorie Neue Kategorie geändert.
2024-03-28 11:20:29,671 - INFO - MI-FAQ - User   hat Kategorie Neue Kategorie gelöscht.
2024-03-28 23:07:57,077 - INFO - MI-FAQ - User   hat Kategorie Belegung und Verwendung von Veranstaltungen gelöscht.
2024-03-28 23:09:34,091 - INFO - MI-FAQ - User  hat Frage Wie melde ich mich zu einer Prüfung an? gelöscht.
2024-04-06 00:23:17,049 - INFO - MI-FAQ - User  hat eine neue Frage hinzugefügt.
2024-04-06 00:23:25,588 - INFO - MI-FAQ - User  hat Frage Neue Frage geändert.
2024-04-06 20:53:39,236 - INFO - MI-FAQ - User  hat Frage Wer ist das LLPA? geändert.
2024-04-06 20:54:54,575 - INFO - MI-FAQ - User   hat Kategorie Allgemeines geändert.
2024-04-06 20:55:09,316 - INFO - MI-FAQ - User   hat Kategorie Abschlussarbeiten geändert.
2024-04-09 11:36:44,418 - INFO - MI-FAQ - User  hat Frage Wie bekomme ich das Thema für meine Abschlussarbeit? geändert.
2024-04-09 11:37:07,611 - INFO - MI-FAQ - User  hat eine neue Frage hinzugefügt.
2024-04-09 11:37:12,061 - INFO - MI-FAQ - User  hat eine neue Frage hinzugefügt.
2024-04-09 11:37:16,389 - INFO - MI-FAQ - User  hat eine neue Frage hinzugefügt.
2024-04-09 11:37:17,177 - INFO - MI-FAQ - User  hat eine neue Frage hinzugefügt.
2024-04-09 11:37:17,797 - INFO - MI-FAQ - User  hat eine neue Frage hinzugefügt.
2024-04-09 11:37:28,218 - INFO - MI-FAQ - User  hat eine neue Frage hinzugefügt.
2024-04-09 11:37:48,210 - INFO - MI-FAQ - User  hat eine neue Frage hinzugefügt.
2024-04-09 11:37:57,299 - INFO - MI-FAQ - User  hat Frage Neue Frage geändert.
2024-04-09 11:42:11,569 - INFO - MI-FAQ - User  hat Frage Neue Frage geändert.
2024-04-09 11:42:31,143 - INFO - MI-FAQ - User  hat Frage Neue Frage geändert.
2024-04-09 11:43:23,069 - INFO - MI-FAQ - User  hat Frage Neue Frage geändert.
2024-04-09 11:45:00,867 - INFO - MI-FAQ - User  hat eine neue Frage hinzugefügt.
2024-04-09 11:46:26,960 - INFO - MI-FAQ - User  hat eine neue Frage hinzugefügt.
